<?xml version="1.0" encoding="UTF-8"?>
<!-- Generated by org.testng.reporters.JUnitXMLReporter -->
<testsuite ignored="0" hostname="Jose" failures="0" tests="3" name="Default test" time="26.249" errors="0" timestamp="2022-06-13T23:40:29 IST">
  <testcase classname="com.test.LoginTest" name="verifyEmptyInput" time="2.369"/>
  <testcase classname="com.test.LoginTest" name="verifyInvalidInput" time="0.718"/>
  <testcase classname="com.test.LoginTest" name="verifyvalidlogin" time="4.849"/>
</testsuite> <!-- Default test -->
