<?xml version="1.0" encoding="UTF-8"?>
<testng-results ignored="0" total="3" passed="3" failed="0" skipped="0">
  <reporter-output>
  </reporter-output>
  <suite started-at="2022-06-13T23:40:03 IST" name="Default suite" finished-at="2022-06-13T23:40:29 IST" duration-ms="26249">
    <groups>
    </groups>
    <test started-at="2022-06-13T23:40:03 IST" name="Default test" finished-at="2022-06-13T23:40:29 IST" duration-ms="26249">
      <class name="com.test.LoginTest">
        <test-method is-config="true" signature="launch()[pri:0, instance:com.test.LoginTest@3ee37e5a]" started-at="2022-06-13T23:40:03 IST" name="launch" finished-at="2022-06-13T23:40:21 IST" duration-ms="18237" status="PASS">
          <reporter-output>
          </reporter-output>
        </test-method> <!-- launch -->
        <test-method signature="verifyEmptyInput()[pri:1, instance:com.test.LoginTest@3ee37e5a]" started-at="2022-06-13T23:40:21 IST" name="verifyEmptyInput" finished-at="2022-06-13T23:40:23 IST" duration-ms="2369" status="PASS">
          <reporter-output>
          </reporter-output>
        </test-method> <!-- verifyEmptyInput -->
        <test-method signature="verifyInvalidInput()[pri:2, instance:com.test.LoginTest@3ee37e5a]" started-at="2022-06-13T23:40:23 IST" name="verifyInvalidInput" finished-at="2022-06-13T23:40:24 IST" duration-ms="718" status="PASS">
          <reporter-output>
          </reporter-output>
        </test-method> <!-- verifyInvalidInput -->
        <test-method signature="verifyvalidlogin()[pri:3, instance:com.test.LoginTest@3ee37e5a]" started-at="2022-06-13T23:40:24 IST" name="verifyvalidlogin" finished-at="2022-06-13T23:40:29 IST" duration-ms="4849" status="PASS">
          <reporter-output>
          </reporter-output>
        </test-method> <!-- verifyvalidlogin -->
      </class> <!-- com.test.LoginTest -->
    </test> <!-- Default test -->
  </suite> <!-- Default suite -->
</testng-results>
